<?xml version="1.0" encoding="UTF-8"?>
<coverage generated="1771847092927" clover="3.2.0">
  <project timestamp="1771847092927" name="All files">
    <metrics statements="21" coveredstatements="21" conditionals="13" coveredconditionals="8" methods="1" coveredmethods="1" elements="35" coveredelements="30" complexity="0" loc="21" ncloc="21" packages="1" files="1" classes="1"/>
    <file name="ramadanUtils.js" path="/Users/imad.kazi/repos/masjidly/frontend/src/utils/ramadanUtils.js">
      <metrics statements="21" coveredstatements="21" conditionals="13" coveredconditionals="8" methods="1" coveredmethods="1"/>
      <line num="1" count="1" type="stmt"/>
      <line num="3" count="1" type="cond" truecount="1" falsecount="0"/>
      <line num="4" count="5" type="stmt"/>
      <line num="6" count="5" type="cond" truecount="2" falsecount="0"/>
      <line num="7" count="3" type="stmt"/>
      <line num="8" count="3" type="stmt"/>
      <line num="9" count="3" type="cond" truecount="2" falsecount="0"/>
      <line num="10" count="3" type="cond" truecount="0" falsecount="1"/>
      <line num="11" count="3" type="cond" truecount="1" falsecount="0"/>
      <line num="13" count="5" type="cond" truecount="1" falsecount="0"/>
      <line num="14" count="3" type="stmt"/>
      <line num="15" count="3" type="cond" truecount="0" falsecount="1"/>
      <line num="16" count="3" type="cond" truecount="0" falsecount="1"/>
      <line num="17" count="3" type="cond" truecount="1" falsecount="0"/>
      <line num="19" count="4" type="stmt"/>
      <line num="20" count="4" type="stmt"/>
      <line num="21" count="4" type="stmt"/>
      <line num="22" count="4" type="stmt"/>
      <line num="23" count="5" type="cond" truecount="0" falsecount="1"/>
      <line num="24" count="5" type="cond" truecount="0" falsecount="1"/>
      <line num="25" count="5" type="stmt"/>
    </file>
  </project>
</coverage>
