{"/Users/imad.kazi/repos/masjidly/frontend/src/utils/ramadanUtils.js": {"path":"/Users/imad.kazi/repos/masjidly/frontend/src/utils/ramadanUtils.js","all":false,"statementMap":{"0":{"start":{"line":1,"column":0},"end":{"line":1,"column":34}},"2":{"start":{"line":3,"column":0},"end":{"line":3,"column":44}},"3":{"start":{"line":4,"column":0},"end":{"line":4,"column":59}},"5":{"start":{"line":6,"column":0},"end":{"line":6,"column":52}},"6":{"start":{"line":7,"column":0},"end":{"line":7,"column":63}},"7":{"start":{"line":8,"column":0},"end":{"line":8,"column":47}},"8":{"start":{"line":9,"column":0},"end":{"line":9,"column":45}},"9":{"start":{"line":10,"column":0},"end":{"line":10,"column":47}},"10":{"start":{"line":11,"column":0},"end":{"line":11,"column":3}},"12":{"start":{"line":13,"column":0},"end":{"line":13,"column":19}},"13":{"start":{"line":14,"column":0},"end":{"line":14,"column":60}},"14":{"start":{"line":15,"column":0},"end":{"line":15,"column":45}},"15":{"start":{"line":16,"column":0},"end":{"line":16,"column":47}},"16":{"start":{"line":17,"column":0},"end":{"line":17,"column":3}},"18":{"start":{"line":19,"column":0},"end":{"line":19,"column":21}},"19":{"start":{"line":20,"column":0},"end":{"line":20,"column":37}},"20":{"start":{"line":21,"column":0},"end":{"line":21,"column":29}},"21":{"start":{"line":22,"column":0},"end":{"line":22,"column":47}},"22":{"start":{"line":23,"column":0},"end":{"line":23,"column":63}},"23":{"start":{"line":24,"column":0},"end":{"line":24,"column":39}},"24":{"start":{"line":25,"column":0},"end":{"line":25,"column":1}}},"s":{"0":1,"2":1,"3":5,"5":5,"6":3,"7":3,"8":3,"9":3,"10":3,"12":5,"13":3,"14":3,"15":3,"16":3,"18":4,"19":4,"20":4,"21":4,"22":5,"23":5,"24":5},"branchMap":{"0":{"type":"branch","line":3,"loc":{"start":{"line":3,"column":7},"end":{"line":25,"column":1}},"locations":[{"start":{"line":3,"column":7},"end":{"line":25,"column":1}}]},"1":{"type":"branch","line":6,"loc":{"start":{"line":6,"column":17},"end":{"line":6,"column":49}},"locations":[{"start":{"line":6,"column":17},"end":{"line":6,"column":49}}]},"2":{"type":"branch","line":6,"loc":{"start":{"line":6,"column":51},"end":{"line":11,"column":3}},"locations":[{"start":{"line":6,"column":51},"end":{"line":11,"column":3}}]},"3":{"type":"branch","line":9,"loc":{"start":{"line":9,"column":33},"end":{"line":9,"column":45}},"locations":[{"start":{"line":9,"column":33},"end":{"line":9,"column":45}}]},"4":{"type":"branch","line":9,"loc":{"start":{"line":9,"column":44},"end":{"line":10,"column":34}},"locations":[{"start":{"line":9,"column":44},"end":{"line":10,"column":34}}]},"5":{"type":"branch","line":10,"loc":{"start":{"line":10,"column":34},"end":{"line":10,"column":47}},"locations":[{"start":{"line":10,"column":34},"end":{"line":10,"column":47}}]},"6":{"type":"branch","line":11,"loc":{"start":{"line":11,"column":2},"end":{"line":13,"column":18}},"locations":[{"start":{"line":11,"column":2},"end":{"line":13,"column":18}}]},"7":{"type":"branch","line":13,"loc":{"start":{"line":13,"column":18},"end":{"line":17,"column":3}},"locations":[{"start":{"line":13,"column":18},"end":{"line":17,"column":3}}]},"8":{"type":"branch","line":15,"loc":{"start":{"line":15,"column":33},"end":{"line":15,"column":45}},"locations":[{"start":{"line":15,"column":33},"end":{"line":15,"column":45}}]},"9":{"type":"branch","line":16,"loc":{"start":{"line":16,"column":34},"end":{"line":16,"column":47}},"locations":[{"start":{"line":16,"column":34},"end":{"line":16,"column":47}}]},"10":{"type":"branch","line":17,"loc":{"start":{"line":17,"column":2},"end":{"line":23,"column":44}},"locations":[{"start":{"line":17,"column":2},"end":{"line":23,"column":44}}]},"11":{"type":"branch","line":23,"loc":{"start":{"line":23,"column":44},"end":{"line":23,"column":62}},"locations":[{"start":{"line":23,"column":44},"end":{"line":23,"column":62}}]},"12":{"type":"branch","line":24,"loc":{"start":{"line":24,"column":24},"end":{"line":24,"column":38}},"locations":[{"start":{"line":24,"column":24},"end":{"line":24,"column":38}}]}},"b":{"0":[5],"1":[3],"2":[3],"3":[1],"4":[2],"5":[0],"6":[4],"7":[3],"8":[0],"9":[0],"10":[4],"11":[0],"12":[0]},"fnMap":{"0":{"name":"isRamadanNow","decl":{"start":{"line":3,"column":7},"end":{"line":25,"column":1}},"loc":{"start":{"line":3,"column":7},"end":{"line":25,"column":1}},"line":3}},"f":{"0":5}}
}
